<?xml version="1.0" encoding="UTF-8"?>
<!-- Generated by org.testng.reporters.JUnitReportReporter -->
<testsuite hostname="PG01WTLD" failures="0" tests="1" name="verify_loginPage" time="9.133" errors="0" timestamp="2024-09-06T12:16:40 IST" skipped="0">
  <testcase classname="verify_loginPage" name="verify_valid_testData" time="9.133"/>
  <system-out/>
</testsuite> <!-- verify_loginPage -->
