<?xml version="1.0" encoding="UTF-8"?>
<!-- Generated by org.testng.reporters.JUnitReportReporter -->
<testsuite hostname="PG01WTLD" failures="0" tests="1" name="Close_quit" time="19.918" errors="0" timestamp="2024-09-06T13:19:42 IST" skipped="0">
  <testcase classname="Close_quit" name="test" time="19.918"/>
  <system-out/>
</testsuite> <!-- Close_quit -->
