<?xml version="1.0" encoding="UTF-8"?>
<!-- Generated by org.testng.reporters.JUnitReportReporter -->
<testsuite hostname="PG01WTLD" failures="0" tests="1" name="FindLinks" time="173.274" errors="0" timestamp="2024-09-09T10:29:36 IST" skipped="0">
  <testcase classname="FindLinks" name="presentlink" time="173.274"/>
  <system-out/>
</testsuite> <!-- FindLinks -->
